2022-08-07 20:42:26,106 [INFO] numexpr.utils (line:157) | NumExpr defaulting to 4 threads.
2022-08-07 20:42:26,686 [INFO] __main__ (line:38) | Start
2022-08-07 20:42:26,687 [INFO] WDM (line:26) | 

2022-08-07 20:42:26,687 [INFO] WDM (line:26) | ====== WebDriver manager ======
2022-08-07 20:42:26,852 [INFO] WDM (line:26) | Current google-chrome version is 103.0.5060
2022-08-07 20:42:26,853 [INFO] WDM (line:26) | Get LATEST chromedriver version for 103.0.5060 google-chrome
2022-08-07 20:42:27,098 [INFO] WDM (line:26) | Driver [/Users/mayu/.wdm/drivers/chromedriver/mac64/103.0.5060.134/chromedriver] found in cache
2022-08-07 20:42:37,373 [ERROR] chrome_driver (line:69) | Failed to get target element!
NoneType: None
2022-08-07 20:42:37,873 [ERROR] chrome_driver (line:69) | Failed to get target element!
NoneType: None
2022-08-07 20:42:38,824 [ERROR] chrome_driver (line:69) | Failed to get target element!
NoneType: None
2022-08-07 20:42:39,313 [ERROR] chrome_driver (line:69) | Failed to get target element!
NoneType: None
2022-08-07 20:43:15,179 [INFO] numexpr.utils (line:157) | NumExpr defaulting to 4 threads.
2022-08-07 20:43:15,588 [INFO] __main__ (line:38) | Start
2022-08-07 20:43:15,588 [INFO] WDM (line:26) | 

2022-08-07 20:43:15,589 [INFO] WDM (line:26) | ====== WebDriver manager ======
2022-08-07 20:43:15,699 [INFO] WDM (line:26) | Current google-chrome version is 103.0.5060
2022-08-07 20:43:15,700 [INFO] WDM (line:26) | Get LATEST chromedriver version for 103.0.5060 google-chrome
2022-08-07 20:43:15,850 [INFO] WDM (line:26) | Driver [/Users/mayu/.wdm/drivers/chromedriver/mac64/103.0.5060.134/chromedriver] found in cache
2022-08-07 20:43:26,960 [ERROR] chrome_driver (line:69) | Failed to get target element!
NoneType: None
2022-08-07 20:43:27,350 [ERROR] chrome_driver (line:69) | Failed to get target element!
NoneType: None
2022-08-07 20:43:28,329 [ERROR] chrome_driver (line:69) | Failed to get target element!
NoneType: None
2022-08-07 20:43:28,846 [ERROR] chrome_driver (line:69) | Failed to get target element!
NoneType: None
2022-08-07 20:46:51,281 [INFO] numexpr.utils (line:157) | NumExpr defaulting to 4 threads.
2022-08-07 20:46:51,651 [INFO] __main__ (line:38) | Start
2022-08-07 20:46:51,652 [INFO] WDM (line:26) | 

2022-08-07 20:46:51,652 [INFO] WDM (line:26) | ====== WebDriver manager ======
2022-08-07 20:46:51,870 [INFO] WDM (line:26) | Current google-chrome version is 103.0.5060
2022-08-07 20:46:51,871 [INFO] WDM (line:26) | Get LATEST chromedriver version for 103.0.5060 google-chrome
2022-08-07 20:46:52,097 [INFO] WDM (line:26) | Driver [/Users/mayu/.wdm/drivers/chromedriver/mac64/103.0.5060.134/chromedriver] found in cache
2022-08-07 20:47:03,882 [ERROR] chrome_driver (line:69) | Failed to get target element!
NoneType: None
2022-08-07 20:47:04,878 [ERROR] chrome_driver (line:69) | Failed to get target element!
NoneType: None
2022-08-07 20:47:05,469 [ERROR] chrome_driver (line:69) | Failed to get target element!
NoneType: None
2022-08-07 20:47:22,639 [INFO] numexpr.utils (line:157) | NumExpr defaulting to 4 threads.
2022-08-07 20:47:23,080 [INFO] __main__ (line:38) | Start
2022-08-07 20:47:23,081 [INFO] WDM (line:26) | 

2022-08-07 20:47:23,081 [INFO] WDM (line:26) | ====== WebDriver manager ======
2022-08-07 20:47:23,246 [INFO] WDM (line:26) | Current google-chrome version is 103.0.5060
2022-08-07 20:47:23,249 [INFO] WDM (line:26) | Get LATEST chromedriver version for 103.0.5060 google-chrome
2022-08-07 20:47:23,472 [INFO] WDM (line:26) | Driver [/Users/mayu/.wdm/drivers/chromedriver/mac64/103.0.5060.134/chromedriver] found in cache
2022-08-07 20:47:35,554 [ERROR] chrome_driver (line:69) | Failed to get target element!
NoneType: None
2022-08-07 20:47:36,634 [ERROR] chrome_driver (line:69) | Failed to get target element!
NoneType: None
2022-08-07 20:47:37,279 [ERROR] chrome_driver (line:69) | Failed to get target element!
NoneType: None
2022-08-07 20:49:00,441 [INFO] numexpr.utils (line:157) | NumExpr defaulting to 4 threads.
2022-08-07 20:49:00,670 [INFO] __main__ (line:38) | Start
2022-08-07 20:49:00,671 [INFO] WDM (line:26) | 

2022-08-07 20:49:00,671 [INFO] WDM (line:26) | ====== WebDriver manager ======
2022-08-07 20:49:00,808 [INFO] WDM (line:26) | Current google-chrome version is 103.0.5060
2022-08-07 20:49:00,809 [INFO] WDM (line:26) | Get LATEST chromedriver version for 103.0.5060 google-chrome
2022-08-07 20:49:01,110 [INFO] WDM (line:26) | Driver [/Users/mayu/.wdm/drivers/chromedriver/mac64/103.0.5060.134/chromedriver] found in cache
2022-08-07 20:49:12,865 [ERROR] chrome_driver (line:69) | Failed to get target element!
NoneType: None
2022-08-07 20:49:13,295 [ERROR] chrome_driver (line:69) | Failed to get target element!
NoneType: None
2022-08-07 20:49:14,290 [ERROR] chrome_driver (line:69) | Failed to get target element!
NoneType: None
2022-08-07 20:49:14,972 [ERROR] chrome_driver (line:69) | Failed to get target element!
NoneType: None
2022-08-07 20:51:00,234 [INFO] numexpr.utils (line:157) | NumExpr defaulting to 4 threads.
2022-08-07 20:51:00,638 [INFO] __main__ (line:38) | Start
2022-08-07 20:51:00,638 [INFO] WDM (line:26) | 

2022-08-07 20:51:00,638 [INFO] WDM (line:26) | ====== WebDriver manager ======
2022-08-07 20:51:00,770 [INFO] WDM (line:26) | Current google-chrome version is 103.0.5060
2022-08-07 20:51:00,771 [INFO] WDM (line:26) | Get LATEST chromedriver version for 103.0.5060 google-chrome
2022-08-07 20:51:00,941 [INFO] WDM (line:26) | Driver [/Users/mayu/.wdm/drivers/chromedriver/mac64/103.0.5060.134/chromedriver] found in cache
2022-08-07 20:51:12,366 [ERROR] chrome_driver (line:69) | Failed to get target element!
NoneType: None
2022-08-07 20:51:13,504 [ERROR] chrome_driver (line:69) | Failed to get target element!
NoneType: None
2022-08-07 20:51:14,118 [ERROR] chrome_driver (line:69) | Failed to get target element!
NoneType: None
2022-08-07 20:58:05,593 [INFO] numexpr.utils (line:157) | NumExpr defaulting to 4 threads.
2022-08-07 20:58:05,845 [INFO] __main__ (line:38) | Start
2022-08-07 20:58:05,845 [INFO] WDM (line:26) | 

2022-08-07 20:58:05,845 [INFO] WDM (line:26) | ====== WebDriver manager ======
2022-08-07 20:58:05,961 [INFO] WDM (line:26) | Current google-chrome version is 103.0.5060
2022-08-07 20:58:05,962 [INFO] WDM (line:26) | Get LATEST chromedriver version for 103.0.5060 google-chrome
2022-08-07 20:58:06,217 [INFO] WDM (line:26) | Driver [/Users/mayu/.wdm/drivers/chromedriver/mac64/103.0.5060.134/chromedriver] found in cache
2022-08-07 20:58:15,129 [ERROR] chrome_driver (line:69) | Failed to get target element!
NoneType: None
2022-08-07 20:58:16,590 [ERROR] chrome_driver (line:69) | Failed to get target element!
NoneType: None
2022-08-07 20:58:17,351 [ERROR] chrome_driver (line:69) | Failed to get target element!
NoneType: None
2022-08-07 21:09:28,435 [INFO] __main__ (line:38) | Start
2022-08-07 21:09:28,436 [INFO] WDM (line:26) | 

2022-08-07 21:09:28,437 [INFO] WDM (line:26) | ====== WebDriver manager ======
2022-08-07 21:09:28,667 [INFO] WDM (line:26) | Current google-chrome version is 103.0.5060
2022-08-07 21:09:28,667 [INFO] WDM (line:26) | Get LATEST chromedriver version for 103.0.5060 google-chrome
2022-08-07 21:09:28,965 [INFO] WDM (line:26) | Driver [/Users/mayu/.wdm/drivers/chromedriver/mac64/103.0.5060.134/chromedriver] found in cache
2022-08-07 21:09:38,780 [ERROR] chrome_driver (line:69) | Failed to get target element!
NoneType: None
2022-08-07 21:09:39,245 [ERROR] chrome_driver (line:69) | Failed to get target element!
NoneType: None
2022-08-07 21:09:40,246 [ERROR] chrome_driver (line:69) | Failed to get target element!
NoneType: None
2022-08-07 21:09:40,916 [ERROR] chrome_driver (line:69) | Failed to get target element!
NoneType: None
